
parse genome sequences...
	imported: 12
	filtered & revised: 12
	contigs: 12

start annotation...
predict tRNAs...
	found: 91
predict tmRNAs...
	found: 1
predict rRNAs...
	found: 22
predict ncRNAs...
	found: 205
predict ncRNA regions...
	found: 56
predict CRISPR arrays...
	found: 0
predict & annotate CDSs...
	predicted: 4750 
	discarded spurious: 6
	revised translational exceptions: 3
	detected IPSs: 4641
	found PSCs: 81
	found PSCCs: 9
	lookup annotations...
	conduct expert systems...
		amrfinder: 39
		protein sequences: 717
	combine annotations and mark hypotheticals...
	detect pseudogenes...
		pseudogene candidates: 21
		found pseudogenes: 11
analyze hypothetical proteins: 69
	detected Pfam hits: 0 
	calculated proteins statistics
	revise special cases...
extract sORF...
	potential: 62463
	discarded due to overlaps: 50559
	discarded spurious: 2
	detected IPSs: 75
	found PSCs: 13
	lookup annotations...
	filter and combine annotations...
	filtered sORFs: 77
detect gaps...
	found: 0
detect oriCs/oriVs...
	found: 6
detect oriTs...
	found: 3
apply feature overlap filters...
select features and create locus tags...
selected: 5185
improve annotations...
	revised gene symbols: 34

genome statistics:
	Genome size: 5,072,098 bp
	Contigs/replicons: 12
	GC: 50.7 %
	N50: 4,733,170
	N ratio: 0.0 %
	coding density: 89.2 %

annotation summary:
	tRNAs: 90
	tmRNAs: 1
	rRNAs: 22
	ncRNAs: 205
	ncRNA regions: 56
	CRISPR arrays: 0
	CDSs: 4734
		hypotheticals: 62
		pseudogenes: 11
		signal peptides: 0
	sORFs: 68
	gaps: 0
	oriCs/oriVs: 6
	oriTs: 3

export annotation results to: /home/users/isagolda/repos/BIOS270-AU25/Project1/ecoli_bakta_out
	human readable TSV...
	GFF3...
	INSDC GenBank & EMBL...
	genome sequences...
	feature nucleotide sequences...
	translated CDS sequences...
	circular genome plot...
	hypothetical TSV...
	translated hypothetical CDS sequences...
	machine readable JSON...
	genome and annotation summary...

If you use these results please cite Bakta: https://doi.org/10.1099/mgen.0.000685
Annotation successfully finished in 16:58 [mm:ss].
Bakta annotation completed!
Protein sequences: /home/users/isagolda/repos/BIOS270-AU25/Project1/ecoli_bakta_out/assembly.faa
